\BOOKMARK [0][-]{chapter.1}{Introduction}{}% 1
\BOOKMARK [1][-]{section.1.1}{Why a virtual assistant?}{chapter.1}% 2
\BOOKMARK [1][-]{section.1.2}{Scope of the project}{chapter.1}% 3
\BOOKMARK [1][-]{section.1.3}{Expected results}{chapter.1}% 4
\BOOKMARK [0][-]{chapter.2}{Natural Language Understanding}{}% 5
\BOOKMARK [1][-]{section.2.1}{What is NLU?}{chapter.2}% 6
\BOOKMARK [1][-]{section.2.2}{How it works? \(Papers\)}{chapter.2}% 7
\BOOKMARK [1][-]{section.2.3}{State of art}{chapter.2}% 8
\BOOKMARK [0][-]{chapter.3}{Dialogflow}{}% 9
\BOOKMARK [1][-]{section.3.1}{What is Dialogflow}{chapter.3}% 10
\BOOKMARK [1][-]{section.3.2}{Why Dialogflow}{chapter.3}% 11
\BOOKMARK [1][-]{section.3.3}{How it works?}{chapter.3}% 12
\BOOKMARK [0][-]{chapter.4}{DOREMUS}{}% 13
\BOOKMARK [1][-]{section.4.1}{What is DOREMUS}{chapter.4}% 14
\BOOKMARK [1][-]{section.4.2}{How is organized}{chapter.4}% 15
\BOOKMARK [1][-]{section.4.3}{How to integrate it in our project}{chapter.4}% 16
\BOOKMARK [0][-]{chapter.5}{The bot}{}% 17
\BOOKMARK [1][-]{section.5.1}{The architecture}{chapter.5}% 18
\BOOKMARK [1][-]{section.5.2}{Entities}{chapter.5}% 19
\BOOKMARK [1][-]{section.5.3}{Intents}{chapter.5}% 20
\BOOKMARK [2][-]{subsection.5.3.1}{Retrieving a set of works}{section.5.3}% 21
\BOOKMARK [2][-]{subsection.5.3.2}{Finding some artists}{section.5.3}% 22
\BOOKMARK [2][-]{subsection.5.3.3}{Finding some future and past performances}{section.5.3}% 23
\BOOKMARK [2][-]{subsection.5.3.4}{Know more about an artist}{section.5.3}% 24
\BOOKMARK [1][-]{section.5.4}{The flow}{chapter.5}% 25
\BOOKMARK [1][-]{section.5.5}{The spell checker}{chapter.5}% 26
